#
# There is insufficient memory for the Java Runtime Environment to continue.
# Native memory allocation (malloc) failed to allocate 803536 bytes for Chunk::new
# Possible reasons:
#   The system is out of physical RAM or swap space
#   The process is running with CompressedOops enabled, and the Java Heap may be blocking the growth of the native heap
# Possible solutions:
#   Reduce memory load on the system
#   Increase physical memory or swap space
#   Check if swap backing store is full
#   Decrease Java heap size (-Xmx/-Xms)
#   Decrease number of Java threads
#   Decrease Java thread stack sizes (-Xss)
#   Set larger code cache with -XX:ReservedCodeCacheSize=
#   JVM is running with Zero Based Compressed Oops mode in which the Java heap is
#     placed in the first 32GB address space. The Java Heap base address is the
#     maximum limit for the native heap growth. Please use -XX:HeapBaseMinAddress
#     to set the Java Heap base and to place the Java Heap above 32GB virtual address.
# This output file may be truncated or incomplete.
#
#  Out of Memory Error (./src/hotspot/share/memory/arena.cpp:197), pid=13880, tid=17608
#
# JRE version: OpenJDK Runtime Environment Corretto-11.0.13.8.1 (11.0.13+8) (build 11.0.13+8-LTS)
# Java VM: OpenJDK 64-Bit Server VM Corretto-11.0.13.8.1 (11.0.13+8-LTS, mixed mode, tiered, compressed oops, g1 gc, windows-amd64)
# No core dump will be written. Minidumps are not enabled by default on client versions of Windows
#

---------------  S U M M A R Y ------------

Command Line: -ea -Didea.test.cyclic.buffer.size=1048576 -javaagent:D:\Programas\IntelliJ IDEA 2020.2.4\lib\idea_rt.jar=50843:D:\Programas\IntelliJ IDEA 2020.2.4\bin -Dfile.encoding=UTF-8 com.intellij.rt.junit.JUnitStarter -ideVersion5 -junit5 com.montojo.springkafka.SpringkafkaApplicationTests

Host: Intel(R) Core(TM) i5-7200U CPU @ 2.50GHz, 4 cores, 11G,  Windows 10 , 64 bit Build 19041 (10.0.19041.2251)
Time: Mon Nov 14 15:07:25 2022 FLE Standard Time elapsed time: 5.697188 seconds (0d 0h 0m 5s)

---------------  T H R E A D  ---------------

Current thread (0x0000014501727000):  JavaThread "C2 CompilerThread1" daemon [_thread_in_native, id=17608, stack(0x0000003ec3100000,0x0000003ec3200000)]


Current CompileTask:
C2:   5697 1503       4       java.net.URLStreamHandler::parseURL (1201 bytes)

Stack: [0x0000003ec3100000,0x0000003ec3200000]
Native frames: (J=compiled Java code, j=interpreted, Vv=VM code, C=native code)
V  [jvm.dll+0x61ccaa]
V  [jvm.dll+0x7a9839]
V  [jvm.dll+0x7aaeff]
V  [jvm.dll+0x7ab5d3]
V  [jvm.dll+0x24f5d8]
V  [jvm.dll+0xc260c]
V  [jvm.dll+0xc2bcc]
V  [jvm.dll+0x358187]
V  [jvm.dll+0x19e5c1]
V  [jvm.dll+0x208ac2]
V  [jvm.dll+0x207b9d]
V  [jvm.dll+0x18a021]
V  [jvm.dll+0x217369]
V  [jvm.dll+0x21555b]
V  [jvm.dll+0x76c2f0]
V  [jvm.dll+0x765274]
V  [jvm.dll+0x61bb46]
C  [ucrtbase.dll+0x21bb2]
C  [KERNEL32.DLL+0x174b4]
C  [ntdll.dll+0x526a1]


---------------  P R O C E S S  ---------------

Threads class SMR info:
_java_thread_list=0x00000145018e7f00, length=17, elements={
0x000001455ec01800, 0x000001457f976000, 0x000001457f977000, 0x000001457f9ec800,
0x000001457f9ed800, 0x000001457f9f0000, 0x000001457f9f7800, 0x000001457fa0c000,
0x000001457fa0f800, 0x000001457f92a800, 0x000001457fd4b800, 0x000001450125c800,
0x0000014500b9d000, 0x000001450175d000, 0x00000145012c9800, 0x00000145012ca800,
0x0000014501727000
}

Java Threads: ( => current thread )
  0x000001455ec01800 JavaThread "main" [_thread_in_Java, id=22056, stack(0x0000003ec1f00000,0x0000003ec2000000)]
  0x000001457f976000 JavaThread "Reference Handler" daemon [_thread_blocked, id=6592, stack(0x0000003ec2600000,0x0000003ec2700000)]
  0x000001457f977000 JavaThread "Finalizer" daemon [_thread_blocked, id=14000, stack(0x0000003ec2700000,0x0000003ec2800000)]
  0x000001457f9ec800 JavaThread "Signal Dispatcher" daemon [_thread_blocked, id=17156, stack(0x0000003ec2800000,0x0000003ec2900000)]
  0x000001457f9ed800 JavaThread "Attach Listener" daemon [_thread_blocked, id=22916, stack(0x0000003ec2900000,0x0000003ec2a00000)]
  0x000001457f9f0000 JavaThread "Service Thread" daemon [_thread_blocked, id=15620, stack(0x0000003ec2a00000,0x0000003ec2b00000)]
  0x000001457f9f7800 JavaThread "C2 CompilerThread0" daemon [_thread_blocked, id=10620, stack(0x0000003ec2b00000,0x0000003ec2c00000)]
  0x000001457fa0c000 JavaThread "C1 CompilerThread0" daemon [_thread_blocked, id=3300, stack(0x0000003ec2c00000,0x0000003ec2d00000)]
  0x000001457fa0f800 JavaThread "Sweeper thread" daemon [_thread_blocked, id=17376, stack(0x0000003ec2d00000,0x0000003ec2e00000)]
  0x000001457f92a800 JavaThread "Common-Cleaner" daemon [_thread_blocked, id=2288, stack(0x0000003ec2e00000,0x0000003ec2f00000)]
  0x000001457fd4b800 JavaThread "Monitor Ctrl-Break" daemon [_thread_in_native, id=8288, stack(0x0000003ec2f00000,0x0000003ec3000000)]
  0x000001450125c800 JavaThread "Thread-0" daemon [_thread_in_native, id=19296, stack(0x0000003ec3600000,0x0000003ec3700000)]
  0x0000014500b9d000 JavaThread "Thread-1" daemon [_thread_in_native, id=7256, stack(0x0000003ec3700000,0x0000003ec3800000)]
  0x000001450175d000 JavaThread "Thread-2" daemon [_thread_in_native, id=14480, stack(0x0000003ec3800000,0x0000003ec3900000)]
  0x00000145012c9800 JavaThread "Thread-3" daemon [_thread_in_native, id=1436, stack(0x0000003ec3900000,0x0000003ec3a00000)]
  0x00000145012ca800 JavaThread "Thread-4" daemon [_thread_in_native, id=11748, stack(0x0000003ec3a00000,0x0000003ec3b00000)]
=>0x0000014501727000 JavaThread "C2 CompilerThread1" daemon [_thread_in_native, id=17608, stack(0x0000003ec3100000,0x0000003ec3200000)]

Other Threads:
  0x000001457f972800 VMThread "VM Thread" [stack: 0x0000003ec2500000,0x0000003ec2600000] [id=17424]
  0x000001457fd3b000 WatcherThread [stack: 0x0000003ec3000000,0x0000003ec3100000] [id=21108]
  0x000001455ec1a000 GCTaskThread "GC Thread#0" [stack: 0x0000003ec2000000,0x0000003ec2100000] [id=1764]
  0x0000014500e13000 GCTaskThread "GC Thread#1" [stack: 0x0000003ec3200000,0x0000003ec3300000] [id=20288]
  0x0000014500e13800 GCTaskThread "GC Thread#2" [stack: 0x0000003ec3300000,0x0000003ec3400000] [id=23292]
  0x0000014500f08800 GCTaskThread "GC Thread#3" [stack: 0x0000003ec3400000,0x0000003ec3500000] [id=18000]
  0x000001455ec5f800 ConcurrentGCThread "G1 Main Marker" [stack: 0x0000003ec2100000,0x0000003ec2200000] [id=21776]
  0x000001455ec61000 ConcurrentGCThread "G1 Conc#0" [stack: 0x0000003ec2200000,0x0000003ec2300000] [id=2012]
  0x000001457f7d2800 ConcurrentGCThread "G1 Refine#0" [stack: 0x0000003ec2300000,0x0000003ec2400000] [id=708]
  0x000001457fd6d800 ConcurrentGCThread "G1 Refine#1" [stack: 0x0000003ec3500000,0x0000003ec3600000] [id=15740]
  0x000001457f7d3000 ConcurrentGCThread "G1 Young RemSet Sampling" [stack: 0x0000003ec2400000,0x0000003ec2500000] [id=21024]

Threads with active compile tasks:
C2 CompilerThread1   5757 1503       4       java.net.URLStreamHandler::parseURL (1201 bytes)

VM state:not at safepoint (normal execution)

VM Mutex/Monitor currently owned by a thread: None

Heap address: 0x0000000741e00000, size: 3042 MB, Compressed Oops mode: Zero based, Oop shift amount: 3
Narrow klass base: 0x0000000800000000, Narrow klass shift: 0
Compressed class space size: 1073741824 Address: 0x0000000800000000

Heap:
 garbage-first heap   total 196608K, used 21335K [0x0000000741e00000, 0x0000000800000000)
  region size 1024K, 13 young (13312K), 3 survivors (3072K)
 Metaspace       used 21453K, capacity 22105K, committed 22144K, reserved 1069056K
  class space    used 2415K, capacity 2652K, committed 2688K, reserved 1048576K
Heap Regions: E=young(eden), S=young(survivor), O=old, HS=humongous(starts), HC=humongous(continues), CS=collection set, F=free, A=archive, TAMS=top-at-mark-start (previous, next)
|   0|0x0000000741e00000, 0x0000000741f00000, 0x0000000741f00000|100%|HS|  |TAMS 0x0000000741f00000, 0x0000000741e00000| Complete 
|   1|0x0000000741f00000, 0x0000000742000000, 0x0000000742000000|100%|HC|  |TAMS 0x0000000742000000, 0x0000000741f00000| Complete 
|   2|0x0000000742000000, 0x0000000742100000, 0x0000000742100000|100%| O|  |TAMS 0x0000000742100000, 0x0000000742000000| Untracked 
|   3|0x0000000742100000, 0x0000000742200000, 0x0000000742200000|100%| O|  |TAMS 0x0000000742200000, 0x0000000742100000| Untracked 
|   4|0x0000000742200000, 0x0000000742300000, 0x0000000742300000|100%| O|  |TAMS 0x0000000742300000, 0x0000000742200000| Untracked 
|   5|0x0000000742300000, 0x0000000742400000, 0x0000000742400000|100%| O|  |TAMS 0x0000000742400000, 0x0000000742300000| Untracked 
|   6|0x0000000742400000, 0x0000000742500000, 0x0000000742500000|100%| O|  |TAMS 0x0000000742500000, 0x0000000742400000| Untracked 
|   7|0x0000000742500000, 0x0000000742600000, 0x0000000742600000|100%| O|  |TAMS 0x0000000742600000, 0x0000000742500000| Untracked 
|   8|0x0000000742600000, 0x0000000742700000, 0x0000000742700000|100%| O|  |TAMS 0x0000000742700000, 0x0000000742600000| Untracked 
|   9|0x0000000742700000, 0x0000000742795c00, 0x0000000742800000| 58%| O|  |TAMS 0x0000000742795c00, 0x0000000742700000| Untracked 
|  10|0x0000000742800000, 0x0000000742800000, 0x0000000742900000|  0%| F|  |TAMS 0x0000000742800000, 0x0000000742800000| Untracked 
|  11|0x0000000742900000, 0x0000000742900000, 0x0000000742a00000|  0%| F|  |TAMS 0x0000000742900000, 0x0000000742900000| Untracked 
|  12|0x0000000742a00000, 0x0000000742a00000, 0x0000000742b00000|  0%| F|  |TAMS 0x0000000742a00000, 0x0000000742a00000| Untracked 
|  13|0x0000000742b00000, 0x0000000742b00000, 0x0000000742c00000|  0%| F|  |TAMS 0x0000000742b00000, 0x0000000742b00000| Untracked 
|  14|0x0000000742c00000, 0x0000000742c00000, 0x0000000742d00000|  0%| F|  |TAMS 0x0000000742c00000, 0x0000000742c00000| Untracked 
|  15|0x0000000742d00000, 0x0000000742d00000, 0x0000000742e00000|  0%| F|  |TAMS 0x0000000742d00000, 0x0000000742d00000| Untracked 
|  16|0x0000000742e00000, 0x0000000742e00000, 0x0000000742f00000|  0%| F|  |TAMS 0x0000000742e00000, 0x0000000742e00000| Untracked 
|  17|0x0000000742f00000, 0x0000000742f00000, 0x0000000743000000|  0%| F|  |TAMS 0x0000000742f00000, 0x0000000742f00000| Untracked 
|  18|0x0000000743000000, 0x0000000743000000, 0x0000000743100000|  0%| F|  |TAMS 0x0000000743000000, 0x0000000743000000| Untracked 
|  19|0x0000000743100000, 0x0000000743100000, 0x0000000743200000|  0%| F|  |TAMS 0x0000000743100000, 0x0000000743100000| Untracked 
|  20|0x0000000743200000, 0x0000000743200000, 0x0000000743300000|  0%| F|  |TAMS 0x0000000743200000, 0x0000000743200000| Untracked 
|  21|0x0000000743300000, 0x0000000743300000, 0x0000000743400000|  0%| F|  |TAMS 0x0000000743300000, 0x0000000743300000| Untracked 
|  22|0x0000000743400000, 0x0000000743400000, 0x0000000743500000|  0%| F|  |TAMS 0x0000000743400000, 0x0000000743400000| Untracked 
|  23|0x0000000743500000, 0x0000000743500000, 0x0000000743600000|  0%| F|  |TAMS 0x0000000743500000, 0x0000000743500000| Untracked 
|  24|0x0000000743600000, 0x0000000743600000, 0x0000000743700000|  0%| F|  |TAMS 0x0000000743600000, 0x0000000743600000| Untracked 
|  25|0x0000000743700000, 0x0000000743700000, 0x0000000743800000|  0%| F|  |TAMS 0x0000000743700000, 0x0000000743700000| Untracked 
|  26|0x0000000743800000, 0x0000000743800000, 0x0000000743900000|  0%| F|  |TAMS 0x0000000743800000, 0x0000000743800000| Untracked 
|  27|0x0000000743900000, 0x0000000743900000, 0x0000000743a00000|  0%| F|  |TAMS 0x0000000743900000, 0x0000000743900000| Untracked 
|  28|0x0000000743a00000, 0x0000000743a00000, 0x0000000743b00000|  0%| F|  |TAMS 0x0000000743a00000, 0x0000000743a00000| Untracked 
|  29|0x0000000743b00000, 0x0000000743b00000, 0x0000000743c00000|  0%| F|  |TAMS 0x0000000743b00000, 0x0000000743b00000| Untracked 
|  30|0x0000000743c00000, 0x0000000743c00000, 0x0000000743d00000|  0%| F|  |TAMS 0x0000000743c00000, 0x0000000743c00000| Untracked 
|  31|0x0000000743d00000, 0x0000000743d00000, 0x0000000743e00000|  0%| F|  |TAMS 0x0000000743d00000, 0x0000000743d00000| Untracked 
|  32|0x0000000743e00000, 0x0000000743e00000, 0x0000000743f00000|  0%| F|  |TAMS 0x0000000743e00000, 0x0000000743e00000| Untracked 
|  33|0x0000000743f00000, 0x0000000743f00000, 0x0000000744000000|  0%| F|  |TAMS 0x0000000743f00000, 0x0000000743f00000| Untracked 
|  34|0x0000000744000000, 0x0000000744000000, 0x0000000744100000|  0%| F|  |TAMS 0x0000000744000000, 0x0000000744000000| Untracked 
|  35|0x0000000744100000, 0x0000000744100000, 0x0000000744200000|  0%| F|  |TAMS 0x0000000744100000, 0x0000000744100000| Untracked 
|  36|0x0000000744200000, 0x0000000744200000, 0x0000000744300000|  0%| F|  |TAMS 0x0000000744200000, 0x0000000744200000| Untracked 
|  37|0x0000000744300000, 0x0000000744300000, 0x0000000744400000|  0%| F|  |TAMS 0x0000000744300000, 0x0000000744300000| Untracked 
|  38|0x0000000744400000, 0x0000000744400000, 0x0000000744500000|  0%| F|  |TAMS 0x0000000744400000, 0x0000000744400000| Untracked 
|  39|0x0000000744500000, 0x0000000744500000, 0x0000000744600000|  0%| F|  |TAMS 0x0000000744500000, 0x0000000744500000| Untracked 
|  40|0x0000000744600000, 0x0000000744600000, 0x0000000744700000|  0%| F|  |TAMS 0x0000000744600000, 0x0000000744600000| Untracked 
|  41|0x0000000744700000, 0x0000000744700000, 0x0000000744800000|  0%| F|  |TAMS 0x0000000744700000, 0x0000000744700000| Untracked 
|  42|0x0000000744800000, 0x0000000744800000, 0x0000000744900000|  0%| F|  |TAMS 0x0000000744800000, 0x0000000744800000| Untracked 
|  43|0x0000000744900000, 0x0000000744900000, 0x0000000744a00000|  0%| F|  |TAMS 0x0000000744900000, 0x0000000744900000| Untracked 
|  44|0x0000000744a00000, 0x0000000744a00000, 0x0000000744b00000|  0%| F|  |TAMS 0x0000000744a00000, 0x0000000744a00000| Untracked 
|  45|0x0000000744b00000, 0x0000000744b00000, 0x0000000744c00000|  0%| F|  |TAMS 0x0000000744b00000, 0x0000000744b00000| Untracked 
|  46|0x0000000744c00000, 0x0000000744c00000, 0x0000000744d00000|  0%| F|  |TAMS 0x0000000744c00000, 0x0000000744c00000| Untracked 
|  47|0x0000000744d00000, 0x0000000744d00000, 0x0000000744e00000|  0%| F|  |TAMS 0x0000000744d00000, 0x0000000744d00000| Untracked 
|  48|0x0000000744e00000, 0x0000000744e00000, 0x0000000744f00000|  0%| F|  |TAMS 0x0000000744e00000, 0x0000000744e00000| Untracked 
|  49|0x0000000744f00000, 0x0000000744f00000, 0x0000000745000000|  0%| F|  |TAMS 0x0000000744f00000, 0x0000000744f00000| Untracked 
|  50|0x0000000745000000, 0x0000000745000000, 0x0000000745100000|  0%| F|  |TAMS 0x0000000745000000, 0x0000000745000000| Untracked 
|  51|0x0000000745100000, 0x0000000745100000, 0x0000000745200000|  0%| F|  |TAMS 0x0000000745100000, 0x0000000745100000| Untracked 
|  52|0x0000000745200000, 0x0000000745200000, 0x0000000745300000|  0%| F|  |TAMS 0x0000000745200000, 0x0000000745200000| Untracked 
|  53|0x0000000745300000, 0x0000000745300000, 0x0000000745400000|  0%| F|  |TAMS 0x0000000745300000, 0x0000000745300000| Untracked 
|  54|0x0000000745400000, 0x0000000745400000, 0x0000000745500000|  0%| F|  |TAMS 0x0000000745400000, 0x0000000745400000| Untracked 
|  55|0x0000000745500000, 0x0000000745500000, 0x0000000745600000|  0%| F|  |TAMS 0x0000000745500000, 0x0000000745500000| Untracked 
|  56|0x0000000745600000, 0x0000000745600000, 0x0000000745700000|  0%| F|  |TAMS 0x0000000745600000, 0x0000000745600000| Untracked 
|  57|0x0000000745700000, 0x0000000745700000, 0x0000000745800000|  0%| F|  |TAMS 0x0000000745700000, 0x0000000745700000| Untracked 
|  58|0x0000000745800000, 0x0000000745800000, 0x0000000745900000|  0%| F|  |TAMS 0x0000000745800000, 0x0000000745800000| Untracked 
|  59|0x0000000745900000, 0x0000000745900000, 0x0000000745a00000|  0%| F|  |TAMS 0x0000000745900000, 0x0000000745900000| Untracked 
|  60|0x0000000745a00000, 0x0000000745a00000, 0x0000000745b00000|  0%| F|  |TAMS 0x0000000745a00000, 0x0000000745a00000| Untracked 
|  61|0x0000000745b00000, 0x0000000745b00000, 0x0000000745c00000|  0%| F|  |TAMS 0x0000000745b00000, 0x0000000745b00000| Untracked 
|  62|0x0000000745c00000, 0x0000000745c00000, 0x0000000745d00000|  0%| F|  |TAMS 0x0000000745c00000, 0x0000000745c00000| Untracked 
|  63|0x0000000745d00000, 0x0000000745d00000, 0x0000000745e00000|  0%| F|  |TAMS 0x0000000745d00000, 0x0000000745d00000| Untracked 
|  64|0x0000000745e00000, 0x0000000745e00000, 0x0000000745f00000|  0%| F|  |TAMS 0x0000000745e00000, 0x0000000745e00000| Untracked 
|  65|0x0000000745f00000, 0x0000000745f00000, 0x0000000746000000|  0%| F|  |TAMS 0x0000000745f00000, 0x0000000745f00000| Untracked 
|  66|0x0000000746000000, 0x0000000746000000, 0x0000000746100000|  0%| F|  |TAMS 0x0000000746000000, 0x0000000746000000| Untracked 
|  67|0x0000000746100000, 0x0000000746100000, 0x0000000746200000|  0%| F|  |TAMS 0x0000000746100000, 0x0000000746100000| Untracked 
|  68|0x0000000746200000, 0x0000000746200000, 0x0000000746300000|  0%| F|  |TAMS 0x0000000746200000, 0x0000000746200000| Untracked 
|  69|0x0000000746300000, 0x0000000746300000, 0x0000000746400000|  0%| F|  |TAMS 0x0000000746300000, 0x0000000746300000| Untracked 
|  70|0x0000000746400000, 0x0000000746400000, 0x0000000746500000|  0%| F|  |TAMS 0x0000000746400000, 0x0000000746400000| Untracked 
|  71|0x0000000746500000, 0x0000000746500000, 0x0000000746600000|  0%| F|  |TAMS 0x0000000746500000, 0x0000000746500000| Untracked 
|  72|0x0000000746600000, 0x0000000746600000, 0x0000000746700000|  0%| F|  |TAMS 0x0000000746600000, 0x0000000746600000| Untracked 
|  73|0x0000000746700000, 0x0000000746700000, 0x0000000746800000|  0%| F|  |TAMS 0x0000000746700000, 0x0000000746700000| Untracked 
|  74|0x0000000746800000, 0x0000000746800000, 0x0000000746900000|  0%| F|  |TAMS 0x0000000746800000, 0x0000000746800000| Untracked 
|  75|0x0000000746900000, 0x0000000746900000, 0x0000000746a00000|  0%| F|  |TAMS 0x0000000746900000, 0x0000000746900000| Untracked 
|  76|0x0000000746a00000, 0x0000000746a00000, 0x0000000746b00000|  0%| F|  |TAMS 0x0000000746a00000, 0x0000000746a00000| Untracked 
|  77|0x0000000746b00000, 0x0000000746b00000, 0x0000000746c00000|  0%| F|  |TAMS 0x0000000746b00000, 0x0000000746b00000| Untracked 
|  78|0x0000000746c00000, 0x0000000746c00000, 0x0000000746d00000|  0%| F|  |TAMS 0x0000000746c00000, 0x0000000746c00000| Untracked 
|  79|0x0000000746d00000, 0x0000000746d00000, 0x0000000746e00000|  0%| F|  |TAMS 0x0000000746d00000, 0x0000000746d00000| Untracked 
|  80|0x0000000746e00000, 0x0000000746e00000, 0x0000000746f00000|  0%| F|  |TAMS 0x0000000746e00000, 0x0000000746e00000| Untracked 
|  81|0x0000000746f00000, 0x0000000746f00000, 0x0000000747000000|  0%| F|  |TAMS 0x0000000746f00000, 0x0000000746f00000| Untracked 
|  82|0x0000000747000000, 0x0000000747000000, 0x0000000747100000|  0%| F|  |TAMS 0x0000000747000000, 0x0000000747000000| Untracked 
|  83|0x0000000747100000, 0x0000000747100000, 0x0000000747200000|  0%| F|  |TAMS 0x0000000747100000, 0x0000000747100000| Untracked 
|  84|0x0000000747200000, 0x0000000747200000, 0x0000000747300000|  0%| F|  |TAMS 0x0000000747200000, 0x0000000747200000| Untracked 
|  85|0x0000000747300000, 0x0000000747300000, 0x0000000747400000|  0%| F|  |TAMS 0x0000000747300000, 0x0000000747300000| Untracked 
|  86|0x0000000747400000, 0x0000000747400000, 0x0000000747500000|  0%| F|  |TAMS 0x0000000747400000, 0x0000000747400000| Untracked 
|  87|0x0000000747500000, 0x0000000747500000, 0x0000000747600000|  0%| F|  |TAMS 0x0000000747500000, 0x0000000747500000| Untracked 
|  88|0x0000000747600000, 0x0000000747600000, 0x0000000747700000|  0%| F|  |TAMS 0x0000000747600000, 0x0000000747600000| Untracked 
|  89|0x0000000747700000, 0x0000000747700000, 0x0000000747800000|  0%| F|  |TAMS 0x0000000747700000, 0x0000000747700000| Untracked 
|  90|0x0000000747800000, 0x0000000747800000, 0x0000000747900000|  0%| F|  |TAMS 0x0000000747800000, 0x0000000747800000| Untracked 
|  91|0x0000000747900000, 0x0000000747900000, 0x0000000747a00000|  0%| F|  |TAMS 0x0000000747900000, 0x0000000747900000| Untracked 
|  92|0x0000000747a00000, 0x0000000747a00000, 0x0000000747b00000|  0%| F|  |TAMS 0x0000000747a00000, 0x0000000747a00000| Untracked 
|  93|0x0000000747b00000, 0x0000000747b00000, 0x0000000747c00000|  0%| F|  |TAMS 0x0000000747b00000, 0x0000000747b00000| Untracked 
|  94|0x0000000747c00000, 0x0000000747c00000, 0x0000000747d00000|  0%| F|  |TAMS 0x0000000747c00000, 0x0000000747c00000| Untracked 
|  95|0x0000000747d00000, 0x0000000747d00000, 0x0000000747e00000|  0%| F|  |TAMS 0x0000000747d00000, 0x0000000747d00000| Untracked 
|  96|0x0000000747e00000, 0x0000000747e00000, 0x0000000747f00000|  0%| F|  |TAMS 0x0000000747e00000, 0x0000000747e00000| Untracked 
|  97|0x0000000747f00000, 0x0000000747f00000, 0x0000000748000000|  0%| F|  |TAMS 0x0000000747f00000, 0x0000000747f00000| Untracked 
|  98|0x0000000748000000, 0x0000000748000000, 0x0000000748100000|  0%| F|  |TAMS 0x0000000748000000, 0x0000000748000000| Untracked 
|  99|0x0000000748100000, 0x0000000748100000, 0x0000000748200000|  0%| F|  |TAMS 0x0000000748100000, 0x0000000748100000| Untracked 
| 100|0x0000000748200000, 0x0000000748200000, 0x0000000748300000|  0%| F|  |TAMS 0x0000000748200000, 0x0000000748200000| Untracked 
| 101|0x0000000748300000, 0x0000000748300000, 0x0000000748400000|  0%| F|  |TAMS 0x0000000748300000, 0x0000000748300000| Untracked 
| 102|0x0000000748400000, 0x0000000748400000, 0x0000000748500000|  0%| F|  |TAMS 0x0000000748400000, 0x0000000748400000| Untracked 
| 103|0x0000000748500000, 0x0000000748500000, 0x0000000748600000|  0%| F|  |TAMS 0x0000000748500000, 0x0000000748500000| Untracked 
| 104|0x0000000748600000, 0x0000000748600000, 0x0000000748700000|  0%| F|  |TAMS 0x0000000748600000, 0x0000000748600000| Untracked 
| 105|0x0000000748700000, 0x0000000748700000, 0x0000000748800000|  0%| F|  |TAMS 0x0000000748700000, 0x0000000748700000| Untracked 
| 106|0x0000000748800000, 0x0000000748800000, 0x0000000748900000|  0%| F|  |TAMS 0x0000000748800000, 0x0000000748800000| Untracked 
| 107|0x0000000748900000, 0x0000000748900000, 0x0000000748a00000|  0%| F|  |TAMS 0x0000000748900000, 0x0000000748900000| Untracked 
| 108|0x0000000748a00000, 0x0000000748a00000, 0x0000000748b00000|  0%| F|  |TAMS 0x0000000748a00000, 0x0000000748a00000| Untracked 
| 109|0x0000000748b00000, 0x0000000748b00000, 0x0000000748c00000|  0%| F|  |TAMS 0x0000000748b00000, 0x0000000748b00000| Untracked 
| 110|0x0000000748c00000, 0x0000000748c00000, 0x0000000748d00000|  0%| F|  |TAMS 0x0000000748c00000, 0x0000000748c00000| Untracked 
| 111|0x0000000748d00000, 0x0000000748d00000, 0x0000000748e00000|  0%| F|  |TAMS 0x0000000748d00000, 0x0000000748d00000| Untracked 
| 112|0x0000000748e00000, 0x0000000748e00000, 0x0000000748f00000|  0%| F|  |TAMS 0x0000000748e00000, 0x0000000748e00000| Untracked 
| 113|0x0000000748f00000, 0x0000000748f00000, 0x0000000749000000|  0%| F|  |TAMS 0x0000000748f00000, 0x0000000748f00000| Untracked 
| 114|0x0000000749000000, 0x0000000749000000, 0x0000000749100000|  0%| F|  |TAMS 0x0000000749000000, 0x0000000749000000| Untracked 
| 115|0x0000000749100000, 0x0000000749100000, 0x0000000749200000|  0%| F|  |TAMS 0x0000000749100000, 0x0000000749100000| Untracked 
| 116|0x0000000749200000, 0x0000000749200000, 0x0000000749300000|  0%| F|  |TAMS 0x0000000749200000, 0x0000000749200000| Untracked 
| 117|0x0000000749300000, 0x0000000749300000, 0x0000000749400000|  0%| F|  |TAMS 0x0000000749300000, 0x0000000749300000| Untracked 
| 118|0x0000000749400000, 0x0000000749400000, 0x0000000749500000|  0%| F|  |TAMS 0x0000000749400000, 0x0000000749400000| Untracked 
| 119|0x0000000749500000, 0x0000000749500000, 0x0000000749600000|  0%| F|  |TAMS 0x0000000749500000, 0x0000000749500000| Untracked 
| 120|0x0000000749600000, 0x0000000749600000, 0x0000000749700000|  0%| F|  |TAMS 0x0000000749600000, 0x0000000749600000| Untracked 
| 121|0x0000000749700000, 0x0000000749700000, 0x0000000749800000|  0%| F|  |TAMS 0x0000000749700000, 0x0000000749700000| Untracked 
| 122|0x0000000749800000, 0x0000000749800000, 0x0000000749900000|  0%| F|  |TAMS 0x0000000749800000, 0x0000000749800000| Untracked 
| 123|0x0000000749900000, 0x0000000749900000, 0x0000000749a00000|  0%| F|  |TAMS 0x0000000749900000, 0x0000000749900000| Untracked 
| 124|0x0000000749a00000, 0x0000000749a00000, 0x0000000749b00000|  0%| F|  |TAMS 0x0000000749a00000, 0x0000000749a00000| Untracked 
| 125|0x0000000749b00000, 0x0000000749b00000, 0x0000000749c00000|  0%| F|  |TAMS 0x0000000749b00000, 0x0000000749b00000| Untracked 
| 126|0x0000000749c00000, 0x0000000749c00000, 0x0000000749d00000|  0%| F|  |TAMS 0x0000000749c00000, 0x0000000749c00000| Untracked 
| 127|0x0000000749d00000, 0x0000000749d00000, 0x0000000749e00000|  0%| F|  |TAMS 0x0000000749d00000, 0x0000000749d00000| Untracked 
| 128|0x0000000749e00000, 0x0000000749e00000, 0x0000000749f00000|  0%| F|  |TAMS 0x0000000749e00000, 0x0000000749e00000| Untracked 
| 129|0x0000000749f00000, 0x0000000749f00000, 0x000000074a000000|  0%| F|  |TAMS 0x0000000749f00000, 0x0000000749f00000| Untracked 
| 130|0x000000074a000000, 0x000000074a000000, 0x000000074a100000|  0%| F|  |TAMS 0x000000074a000000, 0x000000074a000000| Untracked 
| 131|0x000000074a100000, 0x000000074a100000, 0x000000074a200000|  0%| F|  |TAMS 0x000000074a100000, 0x000000074a100000| Untracked 
| 132|0x000000074a200000, 0x000000074a200000, 0x000000074a300000|  0%| F|  |TAMS 0x000000074a200000, 0x000000074a200000| Untracked 
| 133|0x000000074a300000, 0x000000074a300000, 0x000000074a400000|  0%| F|  |TAMS 0x000000074a300000, 0x000000074a300000| Untracked 
| 134|0x000000074a400000, 0x000000074a400000, 0x000000074a500000|  0%| F|  |TAMS 0x000000074a400000, 0x000000074a400000| Untracked 
| 135|0x000000074a500000, 0x000000074a500000, 0x000000074a600000|  0%| F|  |TAMS 0x000000074a500000, 0x000000074a500000| Untracked 
| 136|0x000000074a600000, 0x000000074a600000, 0x000000074a700000|  0%| F|  |TAMS 0x000000074a600000, 0x000000074a600000| Untracked 
| 137|0x000000074a700000, 0x000000074a700000, 0x000000074a800000|  0%| F|  |TAMS 0x000000074a700000, 0x000000074a700000| Untracked 
| 138|0x000000074a800000, 0x000000074a800000, 0x000000074a900000|  0%| F|  |TAMS 0x000000074a800000, 0x000000074a800000| Untracked 
| 139|0x000000074a900000, 0x000000074a900000, 0x000000074aa00000|  0%| F|  |TAMS 0x000000074a900000, 0x000000074a900000| Untracked 
| 140|0x000000074aa00000, 0x000000074aa00000, 0x000000074ab00000|  0%| F|  |TAMS 0x000000074aa00000, 0x000000074aa00000| Untracked 
| 141|0x000000074ab00000, 0x000000074ab00000, 0x000000074ac00000|  0%| F|  |TAMS 0x000000074ab00000, 0x000000074ab00000| Untracked 
| 142|0x000000074ac00000, 0x000000074ac00000, 0x000000074ad00000|  0%| F|  |TAMS 0x000000074ac00000, 0x000000074ac00000| Untracked 
| 143|0x000000074ad00000, 0x000000074ad00000, 0x000000074ae00000|  0%| F|  |TAMS 0x000000074ad00000, 0x000000074ad00000| Untracked 
| 144|0x000000074ae00000, 0x000000074ae00000, 0x000000074af00000|  0%| F|  |TAMS 0x000000074ae00000, 0x000000074ae00000| Untracked 
| 145|0x000000074af00000, 0x000000074af00000, 0x000000074b000000|  0%| F|  |TAMS 0x000000074af00000, 0x000000074af00000| Untracked 
| 146|0x000000074b000000, 0x000000074b000000, 0x000000074b100000|  0%| F|  |TAMS 0x000000074b000000, 0x000000074b000000| Untracked 
| 147|0x000000074b100000, 0x000000074b100000, 0x000000074b200000|  0%| F|  |TAMS 0x000000074b100000, 0x000000074b100000| Untracked 
| 148|0x000000074b200000, 0x000000074b200000, 0x000000074b300000|  0%| F|  |TAMS 0x000000074b200000, 0x000000074b200000| Untracked 
| 149|0x000000074b300000, 0x000000074b300000, 0x000000074b400000|  0%| F|  |TAMS 0x000000074b300000, 0x000000074b300000| Untracked 
| 150|0x000000074b400000, 0x000000074b400000, 0x000000074b500000|  0%| F|  |TAMS 0x000000074b400000, 0x000000074b400000| Untracked 
| 151|0x000000074b500000, 0x000000074b500000, 0x000000074b600000|  0%| F|  |TAMS 0x000000074b500000, 0x000000074b500000| Untracked 
| 152|0x000000074b600000, 0x000000074b600000, 0x000000074b700000|  0%| F|  |TAMS 0x000000074b600000, 0x000000074b600000| Untracked 
| 153|0x000000074b700000, 0x000000074b700000, 0x000000074b800000|  0%| F|  |TAMS 0x000000074b700000, 0x000000074b700000| Untracked 
| 154|0x000000074b800000, 0x000000074b800000, 0x000000074b900000|  0%| F|  |TAMS 0x000000074b800000, 0x000000074b800000| Untracked 
| 155|0x000000074b900000, 0x000000074b900000, 0x000000074ba00000|  0%| F|  |TAMS 0x000000074b900000, 0x000000074b900000| Untracked 
| 156|0x000000074ba00000, 0x000000074ba00000, 0x000000074bb00000|  0%| F|  |TAMS 0x000000074ba00000, 0x000000074ba00000| Untracked 
| 157|0x000000074bb00000, 0x000000074bb00000, 0x000000074bc00000|  0%| F|  |TAMS 0x000000074bb00000, 0x000000074bb00000| Untracked 
| 158|0x000000074bc00000, 0x000000074bc00000, 0x000000074bd00000|  0%| F|  |TAMS 0x000000074bc00000, 0x000000074bc00000| Untracked 
| 159|0x000000074bd00000, 0x000000074bd00000, 0x000000074be00000|  0%| F|  |TAMS 0x000000074bd00000, 0x000000074bd00000| Untracked 
| 160|0x000000074be00000, 0x000000074be00000, 0x000000074bf00000|  0%| F|  |TAMS 0x000000074be00000, 0x000000074be00000| Untracked 
| 161|0x000000074bf00000, 0x000000074bf00000, 0x000000074c000000|  0%| F|  |TAMS 0x000000074bf00000, 0x000000074bf00000| Untracked 
| 162|0x000000074c000000, 0x000000074c000000, 0x000000074c100000|  0%| F|  |TAMS 0x000000074c000000, 0x000000074c000000| Untracked 
| 163|0x000000074c100000, 0x000000074c100000, 0x000000074c200000|  0%| F|  |TAMS 0x000000074c100000, 0x000000074c100000| Untracked 
| 164|0x000000074c200000, 0x000000074c200000, 0x000000074c300000|  0%| F|  |TAMS 0x000000074c200000, 0x000000074c200000| Untracked 
| 165|0x000000074c300000, 0x000000074c300000, 0x000000074c400000|  0%| F|  |TAMS 0x000000074c300000, 0x000000074c300000| Untracked 
| 166|0x000000074c400000, 0x000000074c400000, 0x000000074c500000|  0%| F|  |TAMS 0x000000074c400000, 0x000000074c400000| Untracked 
| 167|0x000000074c500000, 0x000000074c500000, 0x000000074c600000|  0%| F|  |TAMS 0x000000074c500000, 0x000000074c500000| Untracked 
| 168|0x000000074c600000, 0x000000074c600000, 0x000000074c700000|  0%| F|  |TAMS 0x000000074c600000, 0x000000074c600000| Untracked 
| 169|0x000000074c700000, 0x000000074c700000, 0x000000074c800000|  0%| F|  |TAMS 0x000000074c700000, 0x000000074c700000| Untracked 
| 170|0x000000074c800000, 0x000000074c800000, 0x000000074c900000|  0%| F|  |TAMS 0x000000074c800000, 0x000000074c800000| Untracked 
| 171|0x000000074c900000, 0x000000074c900000, 0x000000074ca00000|  0%| F|  |TAMS 0x000000074c900000, 0x000000074c900000| Untracked 
| 172|0x000000074ca00000, 0x000000074ca402c0, 0x000000074cb00000| 25%| S|CS|TAMS 0x000000074ca00000, 0x000000074ca00000| Complete 
| 173|0x000000074cb00000, 0x000000074cc00000, 0x000000074cc00000|100%| S|CS|TAMS 0x000000074cb00000, 0x000000074cb00000| Complete 
| 174|0x000000074cc00000, 0x000000074cd00000, 0x000000074cd00000|100%| S|CS|TAMS 0x000000074cc00000, 0x000000074cc00000| Complete 
| 175|0x000000074cd00000, 0x000000074cd00000, 0x000000074ce00000|  0%| F|  |TAMS 0x000000074cd00000, 0x000000074cd00000| Untracked 
| 176|0x000000074ce00000, 0x000000074ce00000, 0x000000074cf00000|  0%| F|  |TAMS 0x000000074ce00000, 0x000000074ce00000| Untracked 
| 177|0x000000074cf00000, 0x000000074cf00000, 0x000000074d000000|  0%| F|  |TAMS 0x000000074cf00000, 0x000000074cf00000| Untracked 
| 178|0x000000074d000000, 0x000000074d000000, 0x000000074d100000|  0%| F|  |TAMS 0x000000074d000000, 0x000000074d000000| Untracked 
| 179|0x000000074d100000, 0x000000074d100000, 0x000000074d200000|  0%| F|  |TAMS 0x000000074d100000, 0x000000074d100000| Untracked 
| 180|0x000000074d200000, 0x000000074d200000, 0x000000074d300000|  0%| F|  |TAMS 0x000000074d200000, 0x000000074d200000| Untracked 
| 181|0x000000074d300000, 0x000000074d300000, 0x000000074d400000|  0%| F|  |TAMS 0x000000074d300000, 0x000000074d300000| Untracked 
| 182|0x000000074d400000, 0x000000074d400800, 0x000000074d500000|  0%| E|  |TAMS 0x000000074d400000, 0x000000074d400000| Complete 
| 183|0x000000074d500000, 0x000000074d600000, 0x000000074d600000|100%| E|CS|TAMS 0x000000074d500000, 0x000000074d500000| Complete 
| 184|0x000000074d600000, 0x000000074d700000, 0x000000074d700000|100%| E|CS|TAMS 0x000000074d600000, 0x000000074d600000| Complete 
| 185|0x000000074d700000, 0x000000074d800000, 0x000000074d800000|100%| E|CS|TAMS 0x000000074d700000, 0x000000074d700000| Complete 
| 186|0x000000074d800000, 0x000000074d900000, 0x000000074d900000|100%| E|CS|TAMS 0x000000074d800000, 0x000000074d800000| Complete 
| 187|0x000000074d900000, 0x000000074da00000, 0x000000074da00000|100%| E|CS|TAMS 0x000000074d900000, 0x000000074d900000| Complete 
| 188|0x000000074da00000, 0x000000074db00000, 0x000000074db00000|100%| E|CS|TAMS 0x000000074da00000, 0x000000074da00000| Complete 
| 189|0x000000074db00000, 0x000000074dc00000, 0x000000074dc00000|100%| E|CS|TAMS 0x000000074db00000, 0x000000074db00000| Complete 
| 190|0x000000074dc00000, 0x000000074dd00000, 0x000000074dd00000|100%| E|CS|TAMS 0x000000074dc00000, 0x000000074dc00000| Complete 
| 191|0x000000074dd00000, 0x000000074de00000, 0x000000074de00000|100%| E|CS|TAMS 0x000000074dd00000, 0x000000074dd00000| Complete 

Card table byte_map: [0x0000014576920000,0x0000014576f20000] _byte_map_base: 0x0000014572f11000

Marking Bits (Prev, Next): (CMBitMap*) 0x000001455ec52cd0, (CMBitMap*) 0x000001455ec52c98
 Prev Bits: [0x000001457a4b0000, 0x000001457d438000)
 Next Bits: [0x0000014577520000, 0x000001457a4a8000)

Polling page: 0x000001455cc00000

Metaspace:

Usage:
  Non-class:     19.00 MB capacity,    18.61 MB ( 98%) used,   337.05 KB (  2%) free+waste,    62.50 KB ( <1%) overhead. 
      Class:      2.59 MB capacity,     2.36 MB ( 91%) used,   200.88 KB (  8%) free+waste,    30.63 KB (  1%) overhead. 
       Both:     21.59 MB capacity,    20.97 MB ( 97%) used,   537.94 KB (  2%) free+waste,    93.13 KB ( <1%) overhead. 

Virtual space:
  Non-class space:       20.00 MB reserved,      19.00 MB ( 95%) committed 
      Class space:        1.00 GB reserved,       2.63 MB ( <1%) committed 
             Both:        1.02 GB reserved,      21.63 MB (  2%) committed 

Chunk freelists:
   Non-Class:  3.00 KB
       Class:  4.00 KB
        Both:  7.00 KB

MaxMetaspaceSize: 17179869184.00 GB
CompressedClassSpaceSize: 1.00 GB
Initial GC threshold: 20.80 MB
Current GC threshold: 35.00 MB
CDS: off

CodeHeap 'non-profiled nmethods': size=120064Kb used=740Kb max_used=740Kb free=119323Kb
 bounds [0x000001456ede0000, 0x000001456f050000, 0x0000014576320000]
CodeHeap 'profiled nmethods': size=120000Kb used=3138Kb max_used=3138Kb free=116861Kb
 bounds [0x00000145678b0000, 0x0000014567bd0000, 0x000001456ede0000]
CodeHeap 'non-nmethods': size=5696Kb used=1184Kb max_used=1232Kb free=4511Kb
 bounds [0x0000014567320000, 0x0000014567590000, 0x00000145678b0000]
 total_blobs=1970 nmethods=1520 adapters=363
 compilation: enabled
              stopped_count=0, restarted_count=0
 full_count=0

Compilation events (20 events):
Event: 5.590 Thread 0x000001457fa0c000 1505       3       java.lang.Character$UnicodeBlock::<init> (17 bytes)
Event: 5.590 Thread 0x000001457fa0c000 nmethod 1505 0x0000014567bbdb90 code [0x0000014567bbdd80, 0x0000014567bbe218]
Event: 5.618 Thread 0x000001457f9f7800 nmethod 1463 0x000001456ee89710 code [0x000001456ee89d20, 0x000001456ee90f00]
Event: 5.619 Thread 0x000001457f9f7800 1506       4       java.lang.ref.SoftReference::get (29 bytes)
Event: 5.621 Thread 0x000001457f9f7800 nmethod 1506 0x000001456ee94590 code [0x000001456ee94720, 0x000001456ee947f8]
Event: 5.621 Thread 0x000001457f9f7800 1504       4       jdk.internal.loader.URLClassPath$JarLoader$2::getCodeSourceURL (8 bytes)
Event: 5.622 Thread 0x000001457f9f7800 nmethod 1504 0x000001456ee94890 code [0x000001456ee94a20, 0x000001456ee94a98]
Event: 5.623 Thread 0x000001457fa0c000 1507       3       sun.reflect.generics.parser.SignatureParser::current (59 bytes)
Event: 5.624 Thread 0x000001457fa0c000 nmethod 1507 0x0000014567bbe390 code [0x0000014567bbe5c0, 0x0000014567bbec98]
Event: 5.643 Thread 0x000001457fa0c000 1509       3       jdk.internal.org.objectweb.asm.MethodVisitor::visitInsn (16 bytes)
Event: 5.644 Thread 0x000001457fa0c000 nmethod 1509 0x0000014567bbef10 code [0x0000014567bbf0c0, 0x0000014567bbf2c8]
Event: 5.652 Thread 0x000001457f9f7800 1510   !   4       java.util.zip.Inflater::inflate (418 bytes)
Event: 5.663 Thread 0x000001457f9f7800 nmethod 1510 0x000001456ee94e90 code [0x000001456ee95060, 0x000001456ee957d8]
Event: 5.663 Thread 0x000001457f9f7800 1511   !   4       java.util.concurrent.ConcurrentHashMap::transfer (828 bytes)
Event: 5.684 Thread 0x000001457fa0c000 1512  s    1       java.lang.StringBuffer::length (5 bytes)
Event: 5.684 Thread 0x000001457fa0c000 nmethod 1512 0x000001456ee95e90 code [0x000001456ee96040, 0x000001456ee96278]
Event: 5.687 Thread 0x000001457fa0c000 1513       3       java.util.concurrent.CopyOnWriteArrayList::size (6 bytes)
Event: 5.687 Thread 0x000001457fa0c000 nmethod 1513 0x0000014567bbf390 code [0x0000014567bbf540, 0x0000014567bbf658]
Event: 5.687 Thread 0x000001457fa0c000 1514       3       java.util.Calendar::internalSet (8 bytes)
Event: 5.687 Thread 0x000001457fa0c000 nmethod 1514 0x0000014567bbf710 code [0x0000014567bbf8c0, 0x0000014567bbf9f8]

GC Heap History (10 events):
Event: 1.588 GC heap before
{Heap before GC invocations=0 (full 0):
 garbage-first heap   total 196608K, used 15360K [0x0000000741e00000, 0x0000000800000000)
  region size 1024K, 14 young (14336K), 0 survivors (0K)
 Metaspace       used 9431K, capacity 9569K, committed 9728K, reserved 1058816K
  class space    used 843K, capacity 910K, committed 1024K, reserved 1048576K
}
Event: 1.601 GC heap after
{Heap after GC invocations=1 (full 0):
 garbage-first heap   total 196608K, used 9761K [0x0000000741e00000, 0x0000000800000000)
  region size 1024K, 2 young (2048K), 2 survivors (2048K)
 Metaspace       used 9431K, capacity 9569K, committed 9728K, reserved 1058816K
  class space    used 843K, capacity 910K, committed 1024K, reserved 1048576K
}
Event: 2.104 GC heap before
{Heap before GC invocations=1 (full 0):
 garbage-first heap   total 196608K, used 16929K [0x0000000741e00000, 0x0000000800000000)
  region size 1024K, 9 young (9216K), 2 survivors (2048K)
 Metaspace       used 10784K, capacity 11012K, committed 11136K, reserved 1058816K
  class space    used 1012K, capacity 1094K, committed 1152K, reserved 1048576K
}
Event: 2.112 GC heap after
{Heap after GC invocations=2 (full 0):
 garbage-first heap   total 196608K, used 10170K [0x0000000741e00000, 0x0000000800000000)
  region size 1024K, 1 young (1024K), 1 survivors (1024K)
 Metaspace       used 10784K, capacity 11012K, committed 11136K, reserved 1058816K
  class space    used 1012K, capacity 1094K, committed 1152K, reserved 1048576K
}
Event: 4.108 GC heap before
{Heap before GC invocations=2 (full 0):
 garbage-first heap   total 196608K, used 29626K [0x0000000741e00000, 0x0000000800000000)
  region size 1024K, 20 young (20480K), 1 survivors (1024K)
 Metaspace       used 14803K, capacity 15282K, committed 15360K, reserved 1062912K
  class space    used 1544K, capacity 1740K, committed 1792K, reserved 1048576K
}
Event: 4.113 GC heap after
{Heap after GC invocations=3 (full 0):
 garbage-first heap   total 196608K, used 11247K [0x0000000741e00000, 0x0000000800000000)
  region size 1024K, 2 young (2048K), 2 survivors (2048K)
 Metaspace       used 14803K, capacity 15282K, committed 15360K, reserved 1062912K
  class space    used 1544K, capacity 1740K, committed 1792K, reserved 1048576K
}
Event: 5.221 GC heap before
{Heap before GC invocations=3 (full 0):
 garbage-first heap   total 196608K, used 54255K [0x0000000741e00000, 0x0000000800000000)
  region size 1024K, 44 young (45056K), 2 survivors (2048K)
 Metaspace       used 19232K, capacity 19779K, committed 20096K, reserved 1067008K
  class space    used 2097K, capacity 2323K, committed 2432K, reserved 1048576K
}
Event: 5.226 GC heap after
{Heap after GC invocations=4 (full 0):
 garbage-first heap   total 196608K, used 11847K [0x0000000741e00000, 0x0000000800000000)
  region size 1024K, 2 young (2048K), 2 survivors (2048K)
 Metaspace       used 19232K, capacity 19779K, committed 20096K, reserved 1067008K
  class space    used 2097K, capacity 2323K, committed 2432K, reserved 1048576K
}
Event: 5.553 GC heap before
{Heap before GC invocations=4 (full 0):
 garbage-first heap   total 196608K, used 28231K [0x0000000741e00000, 0x0000000800000000)
  region size 1024K, 19 young (19456K), 2 survivors (2048K)
 Metaspace       used 20610K, capacity 21195K, committed 21248K, reserved 1069056K
  class space    used 2302K, capacity 2519K, committed 2560K, reserved 1048576K
}
Event: 5.558 GC heap after
{Heap after GC invocations=5 (full 0):
 garbage-first heap   total 196608K, used 12119K [0x0000000741e00000, 0x0000000800000000)
  region size 1024K, 3 young (3072K), 3 survivors (3072K)
 Metaspace       used 20610K, capacity 21195K, committed 21248K, reserved 1069056K
  class space    used 2302K, capacity 2519K, committed 2560K, reserved 1048576K
}

Deoptimization events (20 events):
Event: 4.418 Thread 0x000001450158f000 DEOPT PACKING pc=0x000001456edfc5dc sp=0x0000003ec31fe6a0
Event: 4.418 Thread 0x000001450158f000 DEOPT UNPACKING pc=0x000001456736a1af sp=0x0000003ec31fe628 mode 2
Event: 4.984 Thread 0x000001455ec01800 DEOPT PACKING pc=0x0000014567b2f478 sp=0x0000003ec1ff9b70
Event: 4.984 Thread 0x000001455ec01800 DEOPT UNPACKING pc=0x000001456736a95e sp=0x0000003ec1ff9078 mode 0
Event: 5.094 Thread 0x000001455ec01800 DEOPT PACKING pc=0x0000014567b2f478 sp=0x0000003ec1ff9a60
Event: 5.094 Thread 0x000001455ec01800 DEOPT UNPACKING pc=0x000001456736a95e sp=0x0000003ec1ff8f68 mode 0
Event: 5.114 Thread 0x000001455ec01800 DEOPT PACKING pc=0x0000014567a270f7 sp=0x0000003ec1ff82a0
Event: 5.114 Thread 0x000001455ec01800 DEOPT UNPACKING pc=0x000001456736a95e sp=0x0000003ec1ff7728 mode 0
Event: 5.253 Thread 0x000001455ec01800 DEOPT PACKING pc=0x0000014567a270f7 sp=0x0000003ec1ff98c0
Event: 5.253 Thread 0x000001455ec01800 DEOPT UNPACKING pc=0x000001456736a95e sp=0x0000003ec1ff8d48 mode 0
Event: 5.368 Thread 0x000001455ec01800 DEOPT PACKING pc=0x0000014567a270f7 sp=0x0000003ec1ff8bb0
Event: 5.368 Thread 0x000001455ec01800 DEOPT UNPACKING pc=0x000001456736a95e sp=0x0000003ec1ff8038 mode 0
Event: 5.466 Thread 0x000001455ec01800 DEOPT PACKING pc=0x0000014567a270f7 sp=0x0000003ec1ffa720
Event: 5.467 Thread 0x000001455ec01800 DEOPT UNPACKING pc=0x000001456736a95e sp=0x0000003ec1ff9ba8 mode 0
Event: 5.562 Thread 0x000001455ec01800 DEOPT PACKING pc=0x0000014567a270f7 sp=0x0000003ec1ffb7f0
Event: 5.562 Thread 0x000001455ec01800 DEOPT UNPACKING pc=0x000001456736a95e sp=0x0000003ec1ffac78 mode 0
Event: 5.623 Thread 0x000001455ec01800 Uncommon trap: trap_request=0xffffff4d fr.pc=0x000001456ee331d4 relative=0x0000000000000094
Event: 5.623 Thread 0x000001455ec01800 Uncommon trap: reason=unstable_if action=reinterpret pc=0x000001456ee331d4 method=sun.reflect.generics.parser.SignatureParser.current()C @ 39 c2
Event: 5.623 Thread 0x000001455ec01800 DEOPT PACKING pc=0x000001456ee331d4 sp=0x0000003ec1ffbfa0
Event: 5.623 Thread 0x000001455ec01800 DEOPT UNPACKING pc=0x000001456736a1af sp=0x0000003ec1ffbf38 mode 2

Classes redefined (0 events):
No events

Internal exceptions (20 events):
Event: 2.415 Thread 0x000001455ec01800 Exception <a 'java/lang/NoSuchMethodError'{0x000000074d849518}: 'java.lang.Object java.lang.invoke.DirectMethodHandle$Holder.invokeSpecialIFC(java.lang.Object, java.lang.Object, java.lang.Object, java.lang.Object)'> (0x000000074d849518) thrown at [./src/hotspot/share/interpreter/linkResolver.cpp, line 773]
Event: 2.420 Thread 0x000001455ec01800 Exception <a 'java/lang/NoSuchMethodError'{0x000000074d86c0d8}: 'java.lang.Object java.lang.invoke.DirectMethodHandle$Holder.invokeInterface(java.lang.Object, java.lang.Object, java.lang.Object)'> (0x000000074d86c0d8) thrown at [./src/hotspot/share/interpreter/linkResolver.cpp, line 773]
Event: 2.451 Thread 0x000001455ec01800 Exception <a 'java/lang/NoSuchMethodError'{0x000000074d71ac20}: 'java.lang.Object java.lang.invoke.Invokers$Holder.linkToTargetMethod(java.lang.Object, java.lang.Object, java.lang.Object, java.lang.Object, java.lang.Object, java.lang.Object)'> (0x000000074d71ac20) thrown at [./src/hotspot/share/interpreter/linkResolver.cpp, line 773]
Event: 2.462 Thread 0x000001455ec01800 Exception <a 'java/lang/IncompatibleClassChangeError'{0x000000074d76a970}: Found class java.lang.Object, but interface was expected> (0x000000074d76a970) thrown at [./src/hotspot/share/interpreter/linkResolver.cpp, line 839]
Event: 2.505 Thread 0x000001455ec01800 Exception <a 'java/lang/NoSuchMethodError'{0x000000074d5412c0}: 'void java.lang.invoke.DirectMethodHandle$Holder.invokeSpecial(java.lang.Object, java.lang.Object, java.lang.Object, java.lang.Object, java.lang.Object)'> (0x000000074d5412c0) thrown at [./src/hotspot/share/interpreter/linkResolver.cpp, line 773]
Event: 2.516 Thread 0x000001455ec01800 Exception <a 'java/lang/NoSuchMethodError'{0x000000074d5818e0}: 'void java.lang.invoke.DirectMethodHandle$Holder.invokeInterface(java.lang.Object, java.lang.Object, java.lang.Object, java.lang.Object)'> (0x000000074d5818e0) thrown at [./src/hotspot/share/interpreter/linkResolver.cpp, line 773]
Event: 2.516 Thread 0x000001455ec01800 Exception <a 'java/lang/IncompatibleClassChangeError'{0x000000074d5846a0}: Found class java.lang.Object, but interface was expected> (0x000000074d5846a0) thrown at [./src/hotspot/share/interpreter/linkResolver.cpp, line 839]
Event: 2.520 Thread 0x000001455ec01800 Exception <a 'java/lang/NoSuchMethodError'{0x000000074d599980}: 'void java.lang.invoke.DirectMethodHandle$Holder.invokeStatic(java.lang.Object, java.lang.Object, java.lang.Object, java.lang.Object)'> (0x000000074d599980) thrown at [./src/hotspot/share/interpreter/linkResolver.cpp, line 773]
Event: 2.525 Thread 0x000001455ec01800 Exception <a 'java/lang/NoSuchMethodError'{0x000000074d5b5d08}: 'java.lang.Object java.lang.invoke.Invokers$Holder.linkToTargetMethod(java.lang.Object, int, java.lang.Object)'> (0x000000074d5b5d08) thrown at [./src/hotspot/share/interpreter/linkResolver.cpp, line 773]
Event: 2.605 Thread 0x000001455ec01800 Exception <a 'java/lang/NoSuchMethodError'{0x000000074d4ea5c0}: 'int java.lang.invoke.DirectMethodHandle$Holder.invokeStatic(java.lang.Object, java.lang.Object, java.lang.Object, java.lang.Object, java.lang.Object)'> (0x000000074d4ea5c0) thrown at [./src/hotspot/share/interpreter/linkResolver.cpp, line 773]
Event: 2.621 Thread 0x000001455ec01800 Exception <a 'java/lang/NoSuchMethodError'{0x000000074d3657d8}: 'void java.lang.invoke.DirectMethodHandle$Holder.invokeStaticInit(java.lang.Object)'> (0x000000074d3657d8) thrown at [./src/hotspot/share/interpreter/linkResolver.cpp, line 773]
Event: 2.629 Thread 0x000001455ec01800 Exception <a 'java/lang/NoSuchMethodError'{0x000000074d39d968}: 'void java.lang.invoke.DirectMethodHandle$Holder.invokeSpecial(java.lang.Object, java.lang.Object)'> (0x000000074d39d968) thrown at [./src/hotspot/share/interpreter/linkResolver.cpp, line 773]
Event: 2.666 Thread 0x000001455ec01800 Exception <a 'java/lang/NoSuchMethodError'{0x000000074d2ddf88}: 'int java.lang.invoke.DirectMethodHandle$Holder.invokeStaticInit(java.lang.Object, java.lang.Object)'> (0x000000074d2ddf88) thrown at [./src/hotspot/share/interpreter/linkResolver.cpp, line 773]
Event: 3.005 Thread 0x000001455ec01800 Exception <a 'java/lang/NoSuchMethodError'{0x000000074cdd5a68}: 'java.lang.Object java.lang.invoke.DirectMethodHandle$Holder.invokeStaticInit(java.lang.Object, int, int, int, int)'> (0x000000074cdd5a68) thrown at [./src/hotspot/share/interpreter/linkResolver.cpp, line 773]
Event: 3.708 Thread 0x000001455ec01800 Exception <a 'java/lang/NoSuchMethodError'{0x000000074cc20520}: 'java.lang.Object java.lang.invoke.DirectMethodHandle$Holder.invokeStaticInit(java.lang.Object, java.lang.Object, int, int, int, int)'> (0x000000074cc20520) thrown at [./src/hotspot/share/interpreter/linkResolver.cpp, line 773]
Event: 4.014 Thread 0x000001455ec01800 Exception <a 'java/lang/ClassNotFoundException'{0x000000074cbd28d8}: javax/smartcardio/CardPermission> (0x000000074cbd28d8) thrown at [./src/hotspot/share/classfile/systemDictionary.cpp, line 231]
Event: 4.019 Thread 0x000001455ec01800 Exception <a 'java/io/FileNotFoundException'{0x000000074cbe1018}> (0x000000074cbe1018) thrown at [./src/hotspot/share/prims/jni.cpp, line 616]
Event: 4.227 Thread 0x000001455ec01800 Exception <a 'java/lang/NoSuchMethodError'{0x000000074da2d9a0}: 'org.slf4j.impl.StaticMDCBinder org.slf4j.impl.StaticMDCBinder.getSingleton()'> (0x000000074da2d9a0) thrown at [./src/hotspot/share/interpreter/linkResolver.cpp, line 773]
Event: 4.533 Thread 0x000001455ec01800 Exception <a 'java/lang/NoSuchMethodError'{0x000000074cf6e768}: 'long java.lang.invoke.DirectMethodHandle$Holder.invokeStatic(java.lang.Object, java.lang.Object)'> (0x000000074cf6e768) thrown at [./src/hotspot/share/interpreter/linkResolver.cpp, line 773]
Event: 5.643 Thread 0x000001455ec01800 Exception <a 'java/lang/NoSuchMethodError'{0x000000074dbc7298}: 'void java.lang.invoke.DirectMethodHandle$Holder.invokeVirtual(java.lang.Object, java.lang.Object, java.lang.Object, java.lang.Object)'> (0x000000074dbc7298) thrown at [./src/hotspot/share/interpreter/linkResolver.cpp, line 773]

Events (20 events):
Event: 5.684 loading class java/util/TreeMap$KeyIterator
Event: 5.684 loading class java/util/TreeMap$PrivateEntryIterator
Event: 5.684 loading class java/util/TreeMap$PrivateEntryIterator done
Event: 5.684 loading class java/util/TreeMap$KeyIterator done
Event: 5.685 loading class com/github/dockerjava/zerodep/shaded/org/apache/hc/client5/http/auth/ChallengeType
Event: 5.685 loading class com/github/dockerjava/zerodep/shaded/org/apache/hc/client5/http/auth/ChallengeType done
Event: 5.686 loading class com/github/dockerjava/zerodep/shaded/org/apache/hc/client5/http/impl/auth/HttpAuthenticator$1
Event: 5.686 loading class com/github/dockerjava/zerodep/shaded/org/apache/hc/client5/http/impl/auth/HttpAuthenticator$1 done
Event: 5.688 loading class com/github/dockerjava/zerodep/shaded/org/apache/hc/client5/http/impl/ConnPoolSupport
Event: 5.688 loading class com/github/dockerjava/zerodep/shaded/org/apache/hc/client5/http/impl/ConnPoolSupport done
Event: 5.689 loading class com/github/dockerjava/zerodep/shaded/org/apache/hc/core5/pool/PoolStats
Event: 5.689 loading class com/github/dockerjava/zerodep/shaded/org/apache/hc/core5/pool/PoolStats done
Event: 5.690 loading class com/github/dockerjava/zerodep/shaded/org/apache/hc/core5/pool/StrictConnPool$PerRoutePool
Event: 5.690 loading class com/github/dockerjava/zerodep/shaded/org/apache/hc/core5/pool/StrictConnPool$PerRoutePool done
Event: 5.692 loading class java/util/LinkedList$ListItr
Event: 5.692 loading class java/util/LinkedList$ListItr done
Event: 5.693 loading class com/github/dockerjava/zerodep/shaded/org/apache/hc/core5/util/Asserts
Event: 5.693 loading class com/github/dockerjava/zerodep/shaded/org/apache/hc/core5/util/Asserts done
Event: 5.694 loading class com/github/dockerjava/zerodep/shaded/org/apache/hc/core5/util/Deadline
Event: 5.694 loading class com/github/dockerjava/zerodep/shaded/org/apache/hc/core5/util/Deadline done


Dynamic libraries:
0x00007ff795e50000 - 0x00007ff795e5d000 	C:\Users\Juan\.jdks\corretto-11.0.13\bin\java.exe
0x00007ff86aad0000 - 0x00007ff86acc8000 	C:\WINDOWS\SYSTEM32\ntdll.dll
0x00007ff8692a0000 - 0x00007ff86935f000 	C:\WINDOWS\System32\KERNEL32.DLL
0x00007ff868840000 - 0x00007ff868b12000 	C:\WINDOWS\System32\KERNELBASE.dll
0x00007ff8685a0000 - 0x00007ff8686a0000 	C:\WINDOWS\System32\ucrtbase.dll
0x00007ff861ec0000 - 0x00007ff861ed9000 	C:\Users\Juan\.jdks\corretto-11.0.13\bin\VCRUNTIME140.dll
0x00007ff861ea0000 - 0x00007ff861eb7000 	C:\Users\Juan\.jdks\corretto-11.0.13\bin\jli.dll
0x00007ff86a260000 - 0x00007ff86a3fd000 	C:\WINDOWS\System32\USER32.dll
0x00007ff8687c0000 - 0x00007ff8687e2000 	C:\WINDOWS\System32\win32u.dll
0x00007ff84fe60000 - 0x00007ff8500fa000 	C:\WINDOWS\WinSxS\amd64_microsoft.windows.common-controls_6595b64144ccf1df_6.0.19041.1110_none_60b5254171f9507e\COMCTL32.dll
0x00007ff869ab0000 - 0x00007ff869adb000 	C:\WINDOWS\System32\GDI32.dll
0x00007ff868300000 - 0x00007ff86840f000 	C:\WINDOWS\System32\gdi32full.dll
0x00007ff868cc0000 - 0x00007ff868d5e000 	C:\WINDOWS\System32\msvcrt.dll
0x00007ff868260000 - 0x00007ff8682fd000 	C:\WINDOWS\System32\msvcp_win.dll
0x00007ff86a4d0000 - 0x00007ff86a502000 	C:\WINDOWS\System32\IMM32.DLL
0x00007ff861e00000 - 0x00007ff861e9b000 	C:\Users\Juan\.jdks\corretto-11.0.13\bin\msvcp140.dll
0x00007ff826810000 - 0x00007ff82738f000 	C:\Users\Juan\.jdks\corretto-11.0.13\bin\server\jvm.dll
0x00007ff868b80000 - 0x00007ff868c2e000 	C:\WINDOWS\System32\ADVAPI32.dll
0x00007ff869e50000 - 0x00007ff869eec000 	C:\WINDOWS\System32\sechost.dll
0x00007ff869ae0000 - 0x00007ff869c05000 	C:\WINDOWS\System32\RPCRT4.dll
0x00007ff86a400000 - 0x00007ff86a408000 	C:\WINDOWS\System32\PSAPI.DLL
0x00007ff865670000 - 0x00007ff865679000 	C:\WINDOWS\SYSTEM32\WSOCK32.dll
0x00007ff8691d0000 - 0x00007ff86923b000 	C:\WINDOWS\System32\WS2_32.dll
0x00007ff85aa40000 - 0x00007ff85aa4a000 	C:\WINDOWS\SYSTEM32\VERSION.dll
0x00007ff85ef60000 - 0x00007ff85ef87000 	C:\WINDOWS\SYSTEM32\WINMM.dll
0x00007ff866a10000 - 0x00007ff866a22000 	C:\WINDOWS\SYSTEM32\kernel.appcore.dll
0x00007ff863910000 - 0x00007ff863920000 	C:\Users\Juan\.jdks\corretto-11.0.13\bin\verify.dll
0x00007ff8667d0000 - 0x00007ff8669b4000 	C:\WINDOWS\SYSTEM32\DBGHELP.DLL
0x00007ff8483e0000 - 0x00007ff84840c000 	C:\WINDOWS\SYSTEM32\dbgcore.DLL
0x00007ff8681d0000 - 0x00007ff868252000 	C:\WINDOWS\System32\bcryptPrimitives.dll
0x00007ff861dd0000 - 0x00007ff861df8000 	C:\Users\Juan\.jdks\corretto-11.0.13\bin\java.dll
0x00007ff861dc0000 - 0x00007ff861dca000 	C:\Users\Juan\.jdks\corretto-11.0.13\bin\jimage.dll
0x00007ff861f20000 - 0x00007ff861f2e000 	C:\Users\Juan\.jdks\corretto-11.0.13\bin\instrument.dll
0x00007ff861da0000 - 0x00007ff861db7000 	C:\Users\Juan\.jdks\corretto-11.0.13\bin\zip.dll
0x00007ff869360000 - 0x00007ff869aa3000 	C:\WINDOWS\System32\SHELL32.dll
0x00007ff865ef0000 - 0x00007ff866682000 	C:\WINDOWS\SYSTEM32\windows.storage.dll
0x00007ff86a530000 - 0x00007ff86a884000 	C:\WINDOWS\System32\combase.dll
0x00007ff867b50000 - 0x00007ff867b80000 	C:\WINDOWS\SYSTEM32\Wldp.dll
0x00007ff869cc0000 - 0x00007ff869d6d000 	C:\WINDOWS\System32\SHCORE.dll
0x00007ff868b20000 - 0x00007ff868b75000 	C:\WINDOWS\System32\shlwapi.dll
0x00007ff868110000 - 0x00007ff86812f000 	C:\WINDOWS\SYSTEM32\profapi.dll
0x00007ff861d80000 - 0x00007ff861d99000 	C:\Users\Juan\.jdks\corretto-11.0.13\bin\net.dll
0x00007ff85d220000 - 0x00007ff85d32c000 	C:\WINDOWS\SYSTEM32\WINHTTP.dll
0x00007ff867860000 - 0x00007ff8678ca000 	C:\WINDOWS\system32\mswsock.dll
0x00007ff861d60000 - 0x00007ff861d72000 	C:\Users\Juan\.jdks\corretto-11.0.13\bin\nio.dll
0x00007ff861c50000 - 0x00007ff861c6a000 	D:\Programas\IntelliJ IDEA 2020.2.4\bin\breakgen64.dll
0x00007ff867a30000 - 0x00007ff867a48000 	C:\WINDOWS\SYSTEM32\CRYPTSP.dll
0x00007ff867190000 - 0x00007ff8671c4000 	C:\WINDOWS\system32\rsaenh.dll
0x00007ff868570000 - 0x00007ff868597000 	C:\WINDOWS\System32\bcrypt.dll
0x00007ff868090000 - 0x00007ff8680be000 	C:\WINDOWS\SYSTEM32\USERENV.dll
0x00007ff867a20000 - 0x00007ff867a2c000 	C:\WINDOWS\SYSTEM32\CRYPTBASE.dll
0x00007ff867560000 - 0x00007ff86759b000 	C:\WINDOWS\SYSTEM32\IPHLPAPI.DLL
0x00007ff86a250000 - 0x00007ff86a258000 	C:\WINDOWS\System32\NSI.dll
0x00007ff85af10000 - 0x00007ff85af27000 	C:\WINDOWS\SYSTEM32\dhcpcsvc6.DLL
0x00007ff85ab90000 - 0x00007ff85abad000 	C:\WINDOWS\SYSTEM32\dhcpcsvc.DLL
0x00007ff8675a0000 - 0x00007ff86766a000 	C:\WINDOWS\SYSTEM32\DNSAPI.dll
0x00007ff85ef50000 - 0x00007ff85ef5a000 	C:\Windows\System32\rasadhlp.dll
0x00007ff857e80000 - 0x00007ff857f00000 	C:\WINDOWS\System32\fwpuclnt.dll

dbghelp: loaded successfully - version: 4.0.5 - missing functions: none
symbol engine: initialized successfully - sym options: 0x614 - pdb path: .;C:\Users\Juan\.jdks\corretto-11.0.13\bin;C:\WINDOWS\SYSTEM32;C:\WINDOWS\WinSxS\amd64_microsoft.windows.common-controls_6595b64144ccf1df_6.0.19041.1110_none_60b5254171f9507e;C:\Users\Juan\.jdks\corretto-11.0.13\bin\server;D:\Programas\IntelliJ IDEA 2020.2.4\bin

VM Arguments:
jvm_args: -ea -Didea.test.cyclic.buffer.size=1048576 -javaagent:D:\Programas\IntelliJ IDEA 2020.2.4\lib\idea_rt.jar=50843:D:\Programas\IntelliJ IDEA 2020.2.4\bin -Dfile.encoding=UTF-8 
java_command: com.intellij.rt.junit.JUnitStarter -ideVersion5 -junit5 com.montojo.springkafka.SpringkafkaApplicationTests
java_class_path (initial): C:\Users\Juan\.m2\repository\org\junit\platform\junit-platform-launcher\1.8.2\junit-platform-launcher-1.8.2.jar;C:\Users\Juan\.m2\repository\org\junit\vintage\junit-vintage-engine\5.8.2\junit-vintage-engine-5.8.2.jar;D:\Programas\IntelliJ IDEA 2020.2.4\lib\idea_rt.jar;D:\Programas\IntelliJ IDEA 2020.2.4\plugins\junit\lib\junit5-rt.jar;D:\Programas\IntelliJ IDEA 2020.2.4\plugins\junit\lib\junit-rt.jar;D:\JavaProjects\springkafka\target\test-classes;D:\JavaProjects\springkafka\target\classes;C:\Users\Juan\.m2\repository\org\springframework\boot\spring-boot-starter-web\2.7.5\spring-boot-starter-web-2.7.5.jar;C:\Users\Juan\.m2\repository\org\springframework\boot\spring-boot-starter\2.7.5\spring-boot-starter-2.7.5.jar;C:\Users\Juan\.m2\repository\org\springframework\boot\spring-boot\2.7.5\spring-boot-2.7.5.jar;C:\Users\Juan\.m2\repository\org\springframework\boot\spring-boot-autoconfigure\2.7.5\spring-boot-autoconfigure-2.7.5.jar;C:\Users\Juan\.m2\repository\org\springframework\boot\spring-boot-starter-logging\2.7.5\spring-boot-starter-logging-2.7.5.jar;C:\Users\Juan\.m2\repository\ch\qos\logback\logback-classic\1.2.11\logback-classic-1.2.11.jar;C:\Users\Juan\.m2\repository\ch\qos\logback\logback-core\1.2.11\logback-core-1.2.11.jar;C:\Users\Juan\.m2\repository\org\apache\logging\log4j\log4j-to-slf4j\2.17.2\log4j-to-slf4j-2.17.2.jar;C:\Users\Juan\.m2\repository\org\apache\logging\log4j\log4j-api\2.17.2\log4j-api-2.17.2.jar;C:\Users\Juan\.m2\repository\org\slf4j\jul-to-slf4j\1.7.36\jul-to-slf4j-1.7.36.jar;C:\Users\Juan\.m2\repository\jakarta\annotation\jakarta.annotation-api\1.3.5\jakarta.annotation-api-1.3.5.jar;C:\Users\Juan\.m2\repository\org\yaml\snakeyaml\1.30\snakeyaml-1.30.jar;C:\Users\Juan\.m2\repository\org\springframework\boot\spring-boot-starter-json\2.7.5\spring-boot-starter-json-2.7.5.jar;C:\Users\Juan\.m2\repository\com\fasterxml\jackson\core\jackson-databind\2.13.4.2\jackson-databind-2.13.4.2.jar;C:\Users\Juan\.m2\repository\com\
Launcher Type: SUN_STANDARD

[Global flags]
     intx CICompilerCount                          = 3                                         {product} {ergonomic}
     uint ConcGCThreads                            = 1                                         {product} {ergonomic}
     uint G1ConcRefinementThreads                  = 4                                         {product} {ergonomic}
   size_t G1HeapRegionSize                         = 1048576                                   {product} {ergonomic}
    uintx GCDrainStackTargetSize                   = 64                                        {product} {ergonomic}
   size_t InitialHeapSize                          = 201326592                                 {product} {ergonomic}
   size_t MarkStackSize                            = 4194304                                   {product} {ergonomic}
   size_t MaxHeapSize                              = 3189768192                                {product} {ergonomic}
   size_t MaxNewSize                               = 1913651200                                {product} {ergonomic}
   size_t MinHeapDeltaBytes                        = 1048576                                   {product} {ergonomic}
    uintx NonNMethodCodeHeapSize                   = 5830732                                {pd product} {ergonomic}
    uintx NonProfiledCodeHeapSize                  = 122913754                              {pd product} {ergonomic}
    uintx ProfiledCodeHeapSize                     = 122913754                              {pd product} {ergonomic}
    uintx ReservedCodeCacheSize                    = 251658240                              {pd product} {ergonomic}
     bool SegmentedCodeCache                       = true                                      {product} {ergonomic}
     bool UseCompressedClassPointers               = true                                 {lp64_product} {ergonomic}
     bool UseCompressedOops                        = true                                 {lp64_product} {ergonomic}
     bool UseG1GC                                  = true                                      {product} {ergonomic}
     bool UseLargePagesIndividualAllocation        = false                                  {pd product} {ergonomic}

Logging:
Log output configuration:
 #0: stdout all=warning uptime,level,tags
 #1: stderr all=off uptime,level,tags

Environment Variables:
JAVA_HOME=C:\Program Files\Java\jdk-17.0.4.1
PATH=C:\Program Files\Common Files\Oracle\Java\javapath;D:\Programas\Anaconda3;D:\Programas\Anaconda3\Library\mingw-w64\bin;D:\Programas\Anaconda3\Library\usr\bin;D:\Programas\Anaconda3\Library\bin;D:\Programas\Anaconda3\Scripts;C:\WINDOWS\system32;C:\WINDOWS;C:\WINDOWS\System32\Wbem;C:\WINDOWS\System32\WindowsPowerShell\v1.0\;C:\WINDOWS\System32\OpenSSH\;C:\Program Files\SourceGear\Common\DiffMerge\;C:\Program Files\Git\cmd;C:\Program Files\Maven\apache-maven-3.6.0\lib\bin;D:\Programas\nodejs\;C:\Program Files\Microsoft SQL Server\130\Tools\Binn\;C:\Program Files\Microsoft SQL Server\Client SDK\ODBC\170\Tools\Binn\;C:\Program Files\dotnet\;C:\Program Files\Amazon\AWSCLIV2\;C:\Program Files\Amazon\AWSSAMCLI\bin\;C:\Program Files\Java\jdk-17.0.4.1\bin;C:\Program Files\Docker\Docker\resources\bin;D:\kafka_2.13-3.3.1\bin\windows;D:\Programas\Python39\Scripts\;D:\Programas\Python39\;C:\Users\Juan\AppData\Local\Microsoft\WindowsApps;C:\Program Files\Maven\apache-maven-3.6.0\bin;D:\Programas\heroku\bin;C:\Users\Juan\AppData\Local\GitHubDesktop\bin;C:\Users\Juan\AppData\Roaming\npm;C:\Users\Juan\AppData\Local\Microsoft\WindowsApps;;D:\Programas\PyCharm 2020.2.3\bin;;D:\Programas\IntelliJ IDEA Community Edition 2021.2.3\bin;;C:\Users\Juan\.dotnet\tools
USERNAME=Juan
OS=Windows_NT
PROCESSOR_IDENTIFIER=Intel64 Family 6 Model 142 Stepping 9, GenuineIntel



---------------  S Y S T E M  ---------------

OS: Windows 10 , 64 bit Build 19041 (10.0.19041.2251)
OS uptime: 3 days 21:25 hours
Hyper-V role detected

CPU:total 4 (initial active 4) (2 cores per cpu, 2 threads per core) family 6 model 142 stepping 9 microcode 0xd6, cmov, cx8, fxsr, mmx, sse, sse2, sse3, ssse3, sse4.1, sse4.2, popcnt, avx, avx2, aes, clmul, erms, 3dnowpref, lzcnt, ht, tsc, tscinvbit, bmi1, bmi2, adx, fma

Memory: 4k page, system-wide physical 12162M (703M free)
TotalPageFile size 26302M (AvailPageFile size 5M)
current process WorkingSet (physical memory assigned to process): 148M, peak: 151M
current process commit charge ("private bytes"): 318M, peak: 321M

vm_info: OpenJDK 64-Bit Server VM (11.0.13+8-LTS) for windows-amd64 JRE (11.0.13+8-LTS), built on Oct 13 2021 21:32:06 by "Administrator" with unknown MS VC++:1916

END.
